# JRE version: Java(TM) SE Runtime Environment (7.0_71-b14) (build 1.7.0_71-b14)
# Java VM: Java HotSpot(TM) Client VM (24.71-b01 mixed mode windows-x86 )
Heap
 def new generation   total 41344K, used 4544K [0x04c00000, 0x078d0000, 0x1a150000)
  eden space 36800K,   0% used [0x04c00000, 0x04c00000, 0x06ff0000)
  from space 4544K, 100% used [0x06ff0000, 0x07460000, 0x07460000)
  to   space 4544K,   0% used [0x07460000, 0x07460000, 0x078d0000)
 tenured generation   total 161652K, used 161580K [0x1a150000, 0x23f2d000, 0x44c00000)
   the space 161652K,  99% used [0x1a150000, 0x23f1b398, 0x23f1b400, 0x23f2d000)
 compacting perm gen  total 12288K, used 3625K [0x44c00000, 0x45800000, 0x48c00000)
   the space 12288K,  29% used [0x44c00000, 0x44f8a420, 0x44f8a600, 0x45800000)
GC Heap History (10 events):
Event: 5.566 GC heap after
Heap after GC invocations=57 (full 5):
 def new generation   total 41344K, used 4544K [0x04c00000, 0x078d0000, 0x1a150000)
  eden space 36800K,   0% used [0x04c00000, 0x04c00000, 0x06ff0000)
  from space 4544K, 100% used [0x07460000, 0x078d0000, 0x078d0000)
  to   space 4544K,   0% used [0x06ff0000, 0x06ff0000, 0x07460000)
 tenured generation   total 152948K, used 136426K [0x1a150000, 0x236ad000, 0x44c00000)
   the space 152948K,  89% used [0x1a150000, 0x2268a9d8, 0x2268aa00, 0x236ad000)
 compacting perm gen  total 12288K, used 3625K [0x44c00000, 0x45800000, 0x48c00000)
   the space 12288K,  29% used [0x44c00000, 0x44f8a410, 0x44f8a600, 0x45800000)
No shared spaces configured.
}
Event: 5.709 GC heap before
{Heap before GC invocations=57 (full 5):
 def new generation   total 41344K, used 41344K [0x04c00000, 0x078d0000, 0x1a150000)
  eden space 36800K, 100% used [0x04c00000, 0x06ff0000, 0x06ff0000)
  from space 4544K, 100% used [0x07460000, 0x078d0000, 0x078d0000)
  to   space 4544K,   0% used [0x06ff0000, 0x06ff0000, 0x07460000)
 tenured generation   total 152948K, used 136426K [0x1a150000, 0x236ad000, 0x44c00000)
   the space 152948K,  89% used [0x1a150000, 0x2268a9d8, 0x2268aa00, 0x236ad000)
 compacting perm gen  total 12288K, used 3625K [0x44c00000, 0x45800000, 0x48c00000)
   the space 12288K,  29% used [0x44c00000, 0x44f8a410, 0x44f8a600, 0x45800000)
No shared spaces configured.
Event: 5.735 GC heap after
Heap after GC invocations=58 (full 5):
 def new generation   total 41344K, used 4543K [0x04c00000, 0x078d0000, 0x1a150000)
  eden space 36800K,   0% used [0x04c00000, 0x04c00000, 0x06ff0000)
  from space 4544K,  99% used [0x06ff0000, 0x0745fff8, 0x07460000)
  to   space 4544K,   0% used [0x07460000, 0x07460000, 0x078d0000)
 tenured generation   total 152948K, used 141834K [0x1a150000, 0x236ad000, 0x44c00000)
   the space 152948K,  92% used [0x1a150000, 0x22bd2880, 0x22bd2a00, 0x236ad000)
 compacting perm gen  total 12288K, used 3625K [0x44c00000, 0x45800000, 0x48c00000)
   the space 12288K,  29% used [0x44c00000, 0x44f8a410, 0x44f8a600, 0x45800000)
No shared spaces configured.
}
Event: 5.884 GC heap before
{Heap before GC invocations=58 (full 5):
 def new generation   total 41344K, used 41343K [0x04c00000, 0x078d0000, 0x1a150000)
  eden space 36800K, 100% used [0x04c00000, 0x06ff0000, 0x06ff0000)
  from space 4544K,  99% used [0x06ff0000, 0x0745fff8, 0x07460000)
  to   space 4544K,   0% used [0x07460000, 0x07460000, 0x078d0000)
 tenured generation   total 152948K, used 141834K [0x1a150000, 0x236ad000, 0x44c00000)
   the space 152948K,  92% used [0x1a150000, 0x22bd2880, 0x22bd2a00, 0x236ad000)
 compacting perm gen  total 12288K, used 3625K [0x44c00000, 0x45800000, 0x48c00000)
   the space 12288K,  29% used [0x44c00000, 0x44f8a420, 0x44f8a600, 0x45800000)
No shared spaces configured.
Event: 5.908 GC heap after
Heap after GC invocations=59 (full 5):
 def new generation   total 41344K, used 4444K [0x04c00000, 0x078d0000, 0x1a150000)
  eden space 36800K,   0% used [0x04c00000, 0x04c00000, 0x06ff0000)
  from space 4544K,  97% used [0x07460000, 0x078b7160, 0x078d0000)
  to   space 4544K,   0% used [0x06ff0000, 0x06ff0000, 0x07460000)
 tenured generation   total 152948K, used 146183K [0x1a150000, 0x236ad000, 0x44c00000)
   the space 152948K,  95% used [0x1a150000, 0x23011d80, 0x23011e00, 0x236ad000)
 compacting perm gen  total 12288K, used 3625K [0x44c00000, 0x45800000, 0x48c00000)
   the space 12288K,  29% used [0x44c00000, 0x44f8a420, 0x44f8a600, 0x45800000)
No shared spaces configured.
}
Event: 6.039 GC heap before
{Heap before GC invocations=59 (full 5):
 def new generation   total 41344K, used 41244K [0x04c00000, 0x078d0000, 0x1a150000)
  eden space 36800K, 100% used [0x04c00000, 0x06ff0000, 0x06ff0000)
  from space 4544K,  97% used [0x07460000, 0x078b7160, 0x078d0000)
  to   space 4544K,   0% used [0x06ff0000, 0x06ff0000, 0x07460000)
 tenured generation   total 152948K, used 146183K [0x1a150000, 0x236ad000, 0x44c00000)
   the space 152948K,  95% used [0x1a150000, 0x23011d80, 0x23011e00, 0x236ad000)
 compacting perm gen  total 12288K, used 3625K [0x44c00000, 0x45800000, 0x48c00000)
   the space 12288K,  29% used [0x44c00000, 0x44f8a420, 0x44f8a600, 0x45800000)
No shared spaces configured.
Event: 6.067 GC heap after
Heap after GC invocations=60 (full 5):
 def new generation   total 41344K, used 4544K [0x04c00000, 0x078d0000, 0x1a150000)
  eden space 36800K,   0% used [0x04c00000, 0x04c00000, 0x06ff0000)
  from space 4544K, 100% used [0x06ff0000, 0x07460000, 0x07460000)
  to   space 4544K,   0% used [0x07460000, 0x07460000, 0x078d0000)
 tenured generation   total 152948K, used 151368K [0x1a150000, 0x236ad000, 0x44c00000)
   the space 152948K,  98% used [0x1a150000, 0x235221a0, 0x23522200, 0x236ad000)
 compacting perm gen  total 12288K, used 3625K [0x44c00000, 0x45800000, 0x48c00000)
   the space 12288K,  29% used [0x44c00000, 0x44f8a420, 0x44f8a600, 0x45800000)
No shared spaces configured.
}
Event: 6.187 GC heap before
{Heap before GC invocations=60 (full 5):
 def new generation   total 41344K, used 41344K [0x04c00000, 0x078d0000, 0x1a150000)
  eden space 36800K, 100% used [0x04c00000, 0x06ff0000, 0x06ff0000)
  from space 4544K, 100% used [0x06ff0000, 0x07460000, 0x07460000)
  to   space 4544K,   0% used [0x07460000, 0x07460000, 0x078d0000)
 tenured generation   total 152948K, used 151368K [0x1a150000, 0x236ad000, 0x44c00000)
   the space 152948K,  98% used [0x1a150000, 0x235221a0, 0x23522200, 0x236ad000)
 compacting perm gen  total 12288K, used 3625K [0x44c00000, 0x45800000, 0x48c00000)
   the space 12288K,  29% used [0x44c00000, 0x44f8a420, 0x44f8a600, 0x45800000)
No shared spaces configured.
Event: 6.751 GC heap after
Heap after GC invocations=61 (full 6):
 def new generation   total 41344K, used 4512K [0x04c00000, 0x078d0000, 0x1a150000)
  eden space 36800K,  12% used [0x04c00000, 0x050681d8, 0x06ff0000)
  from space 4544K,   0% used [0x07460000, 0x07460000, 0x078d0000)
  to   space 4544K,   0% used [0x06ff0000, 0x06ff0000, 0x07460000)
 tenured generation   total 156788K, used 156787K [0x1a150000, 0x23a6d000, 0x44c00000)
   the space 156788K,  99% used [0x1a150000, 0x23a6cff8, 0x23a6d000, 0x23a6d000)
 compacting perm gen  total 12288K, used 3625K [0x44c00000, 0x45800000, 0x48c00000)
   the space 12288K,  29% used [0x44c00000, 0x44f8a420, 0x44f8a600, 0x45800000)
No shared spaces configured.
}
Event: 6.865 GC heap before
{Heap before GC invocations=61 (full 6):
 def new generation   total 41344K, used 36800K [0x04c00000, 0x078d0000, 0x1a150000)
  eden space 36800K, 100% used [0x04c00000, 0x06ff0000, 0x06ff0000)
  from space 4544K,   0% used [0x07460000, 0x07460000, 0x078d0000)
  to   space 4544K,   0% used [0x06ff0000, 0x06ff0000, 0x07460000)
 tenured generation   total 156788K, used 156787K [0x1a150000, 0x23a6d000, 0x44c00000)
   the space 156788K,  99% used [0x1a150000, 0x23a6cff8, 0x23a6d000, 0x23a6d000)
 compacting perm gen  total 12288K, used 3625K [0x44c00000, 0x45800000, 0x48c00000)
   the space 12288K,  29% used [0x44c00000, 0x44f8a420, 0x44f8a600, 0x45800000)
No shared spaces configured.

